<?xml version="1.0" encoding="UTF-8"?>
<!-- Generated by org.testng.reporters.JUnitReportReporter -->
<testsuite hostname="DESKTOP-TSANL3I" failures="0" tests="5" name="MainRun.RunMainTestcase" time="32.869" errors="0" timestamp="2023-07-04T11:28:37 IST" skipped="0">
  <testcase classname="MainRun.RunMainTestcase" name="createAccount" time="10.704"/>
  <system-out/>
  <testcase classname="MainRun.RunMainTestcase" name="loginAccount" time="3.580"/>
  <system-out/>
  <testcase classname="MainRun.RunMainTestcase" name="orderProduct" time="8.478"/>
  <system-out/>
  <testcase classname="MainRun.RunMainTestcase" name="shippingCart" time="3.565"/>
  <system-out/>
  <testcase classname="MainRun.RunMainTestcase" name="addAddress" time="6.542"/>
  <system-out/>
</testsuite> <!-- MainRun.RunMainTestcase -->
