<?xml version="1.0" encoding="UTF-8"?>
<!-- Generated by org.testng.reporters.JUnitReportReporter -->
<testsuite hostname="DESKTOP-TSANL3I" failures="0" tests="1" name="demoWebShop.LaunchBrowser" time="16.901" errors="0" timestamp="2023-05-17T21:00:31 IST" skipped="0">
  <testcase classname="demoWebShop.LaunchBrowser" name="openBrowser" time="16.901"/>
  <system-out/>
</testsuite> <!-- demoWebShop.LaunchBrowser -->
