<?xml version="1.0" encoding="UTF-8"?>
<!-- Generated by org.testng.reporters.JUnitReportReporter -->
<testsuite hostname="DESKTOP-TSANL3I" failures="0" tests="1" name="demoWebShop.BaseClass" time="72.481" errors="0" timestamp="2023-05-18T16:29:05 IST" skipped="0">
  <testcase classname="demoWebShop.BaseClass" name="configBeforeMethod" time="72.481"/>
  <system-out/>
</testsuite> <!-- demoWebShop.BaseClass -->
